251: /Applications/MAMP/htdocs/github_gibbonEdu/core/src/core/sqlConnection.php
Array
(
    [0] => Failed to execute a query
    [1] => Error
    [2] => PDO
    [3] => Array
        (
            [error] => 243: /Applications/MAMP/htdocs/github_gibbonEdu/core/src/core/sqlConnection.php  SQLSTATE[23000]: Integrity constraint violation: 1062 Duplicate entry '0001' for key 'PRIMARY'
            [query] => INSERT INTO `gibbonTheme` (`gibbonThemeID`, `name`, `description`, `active`, `version`, `author`, `url`) VALUES
(0001, 'Bootstrap', 'Gibbon\'s 2016 look and feel.', 'Y', '1.0.00', 'Craig Rayner', 'http://www.craigrayner.com')
            [data] => Array
                (
                )

        )

)

20: /Applications/MAMP/htdocs/github_gibbonEdu/core/index.php include
67: /Applications/MAMP/htdocs/github_gibbonEdu/core/src/controller/default.php require
71: /Applications/MAMP/htdocs/github_gibbonEdu/core/src/controller/gibbon.php __construct
79: /Applications/MAMP/htdocs/github_gibbonEdu/core/src/core/config.php upgradeConfig
196: /Applications/MAMP/htdocs/github_gibbonEdu/core/src/core/config.php executeQuery
251: /Applications/MAMP/htdocs/github_gibbonEdu/core/src/core/sqlConnection.php fileAnObject
